<?xml version="1.0" encoding="UTF-8"?>
<!-- Generated by org.testng.reporters.JUnitReportReporter -->
<testsuite skipped="0" hostname="DESKTOP-QKM15HI" name="SampleTestNg.Day3Dependencies" tests="3" failures="0" timestamp="16 Dec 2020 07:08:52 GMT" time="0.006" errors="0">
  <testcase name="engineeringCollege" time="0.001" classname="SampleTestNg.Day3Dependencies"/>
  <testcase name="highSchool" time="0.004" classname="SampleTestNg.Day3Dependencies"/>
  <testcase name="higherSecoundarySchool" time="0.001" classname="SampleTestNg.Day3Dependencies"/>
</testsuite> <!-- SampleTestNg.Day3Dependencies -->
