<?xml version="1.0" encoding="UTF-8"?>
<!-- Generated by org.testng.reporters.JUnitReportReporter -->
<testsuite skipped="0" hostname="DESKTOP-QKM15HI" name="SampleTestNg.SampleTest" tests="2" failures="0" timestamp="17 Dec 2020 11:59:30 GMT" time="0.028" errors="0">
  <testcase name="FirstSample" time="0.025" classname="SampleTestNg.SampleTest"/>
  <testcase name="SecoundSample" time="0.003" classname="SampleTestNg.SampleTest"/>
</testsuite> <!-- SampleTestNg.SampleTest -->
