<?xml version="1.0" encoding="UTF-8"?>
<!-- Generated by org.testng.reporters.JUnitReportReporter -->
<testsuite skipped="0" hostname="DESKTOP-QKM15HI" name="SampleTestNg.AssertionExamples" tests="1" failures="0" timestamp="16 Dec 2020 13:13:46 GMT" time="0.022" errors="0">
  <testcase name="checkEquals" time="0.022" classname="SampleTestNg.AssertionExamples"/>
</testsuite> <!-- SampleTestNg.AssertionExamples -->
