<?xml version="1.0" encoding="UTF-8"?>
<!-- Generated by org.testng.reporters.JUnitReportReporter -->
<testsuite skipped="0" hostname="DESKTOP-QKM15HI" name="SampleTestNg.Day2SkipTestCases" tests="1" failures="0" timestamp="16 Dec 2020 07:08:52 GMT" time="0.002" errors="0">
  <testcase name="StartTheCar" time="0.002" classname="SampleTestNg.Day2SkipTestCases"/>
</testsuite> <!-- SampleTestNg.Day2SkipTestCases -->
