<?xml version="1.0" encoding="UTF-8"?>
<!-- Generated by org.testng.reporters.JUnitReportReporter -->
<testsuite skipped="0" hostname="DESKTOP-QKM15HI" name="SampleTestNg.GroupingExamples" tests="8" failures="0" timestamp="01 Jan 2021 04:39:09 GMT" time="0.059" errors="0">
  <testcase name="apple" time="0.028" classname="SampleTestNg.GroupingExamples"/>
  <testcase name="lenovo" time="0.006" classname="SampleTestNg.GroupingExamples"/>
  <testcase name="lenovo1" time="0.006" classname="SampleTestNg.GroupingExamples"/>
  <testcase name="vivo" time="0.002" classname="SampleTestNg.GroupingExamples"/>
  <testcase name="apple1" time="0.004" classname="SampleTestNg.GroupingExamples"/>
  <testcase name="vivo1" time="0.005" classname="SampleTestNg.GroupingExamples"/>
  <testcase name="moto" time="0.004" classname="SampleTestNg.GroupingExamples"/>
  <testcase name="moto1" time="0.004" classname="SampleTestNg.GroupingExamples"/>
</testsuite> <!-- SampleTestNg.GroupingExamples -->
