<?xml version="1.0" encoding="UTF-8"?>
<!-- Generated by org.testng.reporters.JUnitReportReporter -->
<testsuite skipped="0" hostname="DESKTOP-QKM15HI" name="SampleTestNg.Day4LaunchBrowser" tests="3" failures="0" timestamp="01 Jan 2021 04:38:01 GMT" time="10.797" errors="0">
  <testcase name="openGoogle" time="2.224" classname="SampleTestNg.Day4LaunchBrowser"/>
  <testcase name="openAmazon" time="6.368" classname="SampleTestNg.Day4LaunchBrowser"/>
  <testcase name="openBing" time="2.205" classname="SampleTestNg.Day4LaunchBrowser"/>
</testsuite> <!-- SampleTestNg.Day4LaunchBrowser -->
