<?xml version="1.0" encoding="UTF-8"?>
<!-- Generated by org.testng.reporters.JUnitReportReporter -->
<testsuite skipped="0" hostname="DESKTOP-QKM15HI" name="pom.pageFactoryWithoutFindBy" tests="1" failures="0" timestamp="22 Dec 2020 09:55:53 GMT" time="14.582" errors="0">
  <testcase name="login" time="14.582" classname="pom.pageFactoryWithoutFindBy"/>
</testsuite> <!-- pom.pageFactoryWithoutFindBy -->
