<?xml version="1.0" encoding="UTF-8"?>
<!-- Generated by org.testng.reporters.JUnitReportReporter -->
<testsuite skipped="0" hostname="DESKTOP-QKM15HI" name="SampleTestNg.HierarchyAnnotationsExample" tests="1" failures="0" timestamp="01 Jan 2021 04:40:07 GMT" time="0.012" errors="0">
  <testcase name="test" time="0.012" classname="SampleTestNg.HierarchyAnnotationsExample"/>
</testsuite> <!-- SampleTestNg.HierarchyAnnotationsExample -->
